CUSTOMER.cid  CUSTOMER.firstname  CUSTOMER.sex  CART.cartid  CART.status  
44	eapqbuqpbk	1	64	ijxkvfeb	
23	apobuvmonr	1	9	hbxlnttl	
14	imrenwlvxk	0	140	iptodcfi	
14	imrenwlvxk	0	113	twqknzmj	
153	bquooyzfrb	1	194	ybwwaaei	
21	xtldwhgwrg	1	104	zotsmpov	
153	bquooyzfrb	1	30	fekrbhtt	
14	imrenwlvxk	0	84	reyglbuy	
77	rvgdufblza	0	152	jrlsqbkv	
63	jwfkmxirdf	0	28	xbjdazfl	
141	ciwrtzmcey	0	61	gxzizpyq	
141	ciwrtzmcey	0	145	ibplpugy	
134	vhpozaxaik	1	139	kgtwvkpd	
20	gltmzqailr	0	117	skhrhzdo	
85	ouxklupovn	1	93	gdakgemq	
47	itzduelrjt	0	178	ddmobnxn	
15	qtkzgqxpsk	0	88	fokymfkd	
85	ouxklupovn	1	160	kshzblef	
47	itzduelrjt	0	144	oxuwywcp	
169	qqjpdkljfn	0	91	pxmvbkgg	
85	ouxklupovn	1	69	fscjsuhe	
169	qqjpdkljfn	0	165	oeygexwg	
169	qqjpdkljfn	0	6	veiwbczm	
192	sqaomgkbie	0	136	vzrdyoya	
166	xjpyscjjkc	1	11	mlotuklu	
90	ypspyccpno	1	183	eijbwmlz	
166	xjpyscjjkc	1	17	pwenxmsy	
127	shdjsfxynp	1	46	vxwztsjy	
84	otayulpkes	1	49	quldlnpw	
192	sqaomgkbie	0	114	ynltjxpo	
192	sqaomgkbie	0	196	hazslwua	
55	jvvvsxgukv	0	127	ntcfehlh	
102	gpjvnplmuo	1	191	kjmlidtr	
57	epekryoslo	1	66	mmfeemxk	
151	wgcznfaupd	0	5	jzrovwir	
57	epekryoslo	1	141	jnklzxhl	
2	zdftmyunju	0	143	pxcwlrwa	
173	ldvfgabjxa	1	65	mmosndrf	
132	dnnhnlbdkw	1	176	rduvbeaz	
2	zdftmyunju	0	188	orpfqjgy	
151	wgcznfaupd	0	193	ubrfpuyx	
132	dnnhnlbdkw	1	2	lwhqawxj	
120	dihpnykhan	1	102	dklnihag	
120	dihpnykhan	1	158	cyrkndmk	
196	ltkfsdmscg	0	15	gzfnaewz	
76	hdxqmthnem	1	184	ahvulivp	
59	nnvjeqmrbj	0	39	flgkfgcu	
69	ixnudhirdg	1	128	ebhrneiv	
59	nnvjeqmrbj	0	175	zivikupm	
133	nbetvfgrjs	0	171	ctddunii	
91	fryuittcrk	1	31	rvkashta	
181	llopccvjbx	1	197	tbcwrgdi	
181	llopccvjbx	1	86	skbglavg	
76	hdxqmthnem	1	118	kwmjgokp	
16	tfziuwabsl	1	25	ndbrdexe	
26	dphniypnlr	1	50	skactywe	
16	tfziuwabsl	1	138	tadncurz	
104	pzuzojmlzm	1	32	qklnqezi	
61	fsrobczben	0	134	wmcmktcm	
108	owjsdiunms	0	97	xjshwfeg	
62	nfzjbbpuxh	0	162	blcojgdu	
26	dphniypnlr	1	54	pmhcfcol	
53	duclqnowef	1	131	yyzcmjsz	
64	aconsqxvhq	0	71	ktvqlhjb	
189	hstqpjydly	0	182	lgqbnmfl	
126	kpfxzqyzck	0	108	ulzdrnwa	
52	dthdpweiit	0	73	andrrsku	
197	xcosbmxapc	1	41	pstthevd	
56	bpuujqxnqs	1	115	atsmnojs	
64	aconsqxvhq	0	62	dgzodayf	
71	ywwiypxing	0	105	yefzajgq	
71	ywwiypxing	0	99	lsafpdzf	
197	xcosbmxapc	1	177	tnuhmpjy	
56	bpuujqxnqs	1	77	euqkkfqw	
126	kpfxzqyzck	0	29	wkpnsoij	
111	oafvvyxako	1	21	kbqxmudc	
64	aconsqxvhq	0	147	rvjvhypw	
126	kpfxzqyzck	0	192	dmcehzfn	
126	kpfxzqyzck	0	173	qtvhnhoi	
156	wzbqkgxoio	0	83	sqrdtyaf	
198	ulqerneepo	0	166	qmrdfqvw	
31	eelaucnfnb	0	1	pyomqgyn	
96	galutybslu	0	48	ofmbdlov	
101	kiaqzzlgdq	1	154	mrensvts	
156	wzbqkgxoio	0	107	tlvjolil	
101	kiaqzzlgdq	1	38	yyazonnh	
112	atezgjzueq	0	27	iqxcpcvi	
36	mhwhdvzggj	1	153	giolucnj	
40	xjwelaihwv	0	92	yqidusrb	
39	urfdwckmnz	1	116	wedxbzbr	
36	mhwhdvzggj	1	90	fvgpzofz	
112	atezgjzueq	0	168	oauduwwa	
130	trxligecjp	0	186	mcxzcqho	
112	atezgjzueq	0	87	jizwumgv	
70	hvlqtancva	1	130	jqnrbyag	
124	yjazhodwko	0	189	uodrncnn	
143	hoashfftzv	1	22	mvkxcqsi	
124	yjazhodwko	0	94	fodzjbam	
115	bcxahtyqam	1	75	vwjmavon	
143	hoashfftzv	1	23	vztqgeai	
115	bcxahtyqam	1	40	jcbilatz	
188	smdtprwgfr	1	95	urkxjcof	
117	wtygizmoej	1	174	epwknoqu	
115	bcxahtyqam	1	151	fmxvhpaq	
148	cejujxgewe	0	89	gsbijxqs	
115	bcxahtyqam	1	45	vimqgujt	
41	kbdqjpeqww	1	70	wtksgusn	
